2026-01-30 12:59:18,840 - INFO - Object ETL: EEG Was Been Created With Source: kaggle
2026-01-30 12:59:18,840 - INFO - Extracting Kaggle dataset: danizo/eeg-dataset-for-adhd for ETL: EEG
2026-01-30 12:59:19,300 - INFO - Using cached dataset at: /Users/lucasburati/.cache/kagglehub/datasets/danizo/eeg-dataset-for-adhd/versions/1
2026-01-30 12:59:19,301 - INFO - Available files: ['adhdata.csv']
2026-01-30 12:59:19,301 - WARNING - No file specified. Using default: adhdata.csv
2026-01-30 12:59:19,301 - INFO - Loading file: adhdata.csv
2026-01-30 12:59:19,882 - INFO - Starting data transformation to data from ETL: EEG
2026-01-30 12:59:19,882 - INFO - Droping items with at least 1 item in any column as null
2026-01-30 12:59:19,882 - INFO - Removing duplicate rows
2026-01-30 12:59:19,882 - INFO - Adding metadata columns
2026-01-30 12:59:21,261 - INFO - Data loaded in: ./loaded_data/EEG - kaggle.parquet
2026-01-30 13:02:07,974 - INFO - Object ETL: EEG Was Been Created With Source: kaggle
2026-01-30 13:02:07,974 - INFO - Extracting Kaggle dataset: danizo/eeg-dataset-for-adhd for ETL: EEG
2026-01-30 13:02:08,509 - INFO - Using cached dataset at: /Users/lucasburati/.cache/kagglehub/datasets/danizo/eeg-dataset-for-adhd/versions/1
2026-01-30 13:02:08,510 - INFO - Available files: ['adhdata.csv']
2026-01-30 13:02:08,510 - WARNING - No file specified. Using default: adhdata.csv
2026-01-30 13:02:08,510 - INFO - Loading file: adhdata.csv
2026-01-30 13:02:08,977 - INFO - Starting data transformation to data from ETL: EEG
2026-01-30 13:02:08,977 - INFO - Droping items with at least 1 item in any column as null
2026-01-30 13:02:08,979 - INFO - Removing duplicate rows
2026-01-30 13:02:08,979 - INFO - Adding metadata columns
2026-01-30 13:02:10,650 - INFO - Data loaded in: ./loaded_data/EEG - kaggle.parquet
2026-01-30 13:29:40,241 - INFO - Object ETL: EEG Was Been Created With Source: kaggle
2026-01-30 13:29:40,242 - INFO - Extracting Kaggle dataset: danizo/eeg-dataset-for-adhd for ETL: EEG
2026-01-30 13:29:40,858 - INFO - Using cached dataset at: /Users/lucasburati/.cache/kagglehub/datasets/danizo/eeg-dataset-for-adhd/versions/1
2026-01-30 13:29:40,858 - INFO - Available files: ['adhdata.csv']
2026-01-30 13:29:40,858 - WARNING - No file specified. Using default: adhdata.csv
2026-01-30 13:29:40,858 - INFO - Loading file: adhdata.csv
2026-01-30 13:29:41,361 - INFO - Starting data transformation to data from ETL: EEG
2026-01-30 13:29:41,361 - INFO - Droping items with at least 1 item in any column as null
2026-01-30 13:29:41,363 - INFO - Removing duplicate rows
2026-01-30 13:29:41,364 - INFO - Adding metadata columns
2026-01-30 13:29:42,972 - INFO - Data loaded in: ./loaded_data/EEG - kaggle.parquet
2026-01-30 13:36:19,304 - INFO - Object ETL: EEG Was Been Created With Source: kaggle
2026-01-30 13:36:19,305 - INFO - Extracting Kaggle dataset: danizo/eeg-dataset-for-adhd for ETL: EEG
2026-01-30 13:36:19,891 - INFO - Using cached dataset at: /Users/lucasburati/.cache/kagglehub/datasets/danizo/eeg-dataset-for-adhd/versions/1
2026-01-30 13:36:19,892 - INFO - Available files: ['adhdata.csv']
2026-01-30 13:36:19,892 - WARNING - No file specified. Using default: adhdata.csv
2026-01-30 13:36:19,892 - INFO - Loading file: adhdata.csv
2026-01-30 13:36:20,292 - INFO - Starting data transformation to data from ETL: EEG
2026-01-30 13:36:20,292 - INFO - Droping items with at least 1 item in any column as null
2026-01-30 13:36:20,294 - INFO - Removing duplicate rows
2026-01-30 13:36:20,295 - INFO - Adding metadata columns
2026-01-30 13:36:21,890 - INFO - Data loaded in: ./loaded_data/EEG - kaggle.parquet
2026-01-30 13:45:46,582 - INFO - Object ETL: EEG Was Been Created With Source: kaggle
2026-01-30 13:45:46,582 - INFO - Extracting Kaggle dataset: danizo/eeg-dataset-for-adhd for ETL: EEG
2026-01-30 13:45:47,688 - INFO - Using cached dataset at: /Users/lucasburati/.cache/kagglehub/datasets/danizo/eeg-dataset-for-adhd/versions/1
2026-01-30 13:45:47,689 - INFO - Available files: ['adhdata.csv']
2026-01-30 13:45:47,689 - WARNING - No file specified. Using default: adhdata.csv
2026-01-30 13:45:47,689 - INFO - Loading file: adhdata.csv
2026-01-30 13:45:48,196 - INFO - Starting data transformation to data from ETL: EEG
2026-01-30 13:45:48,197 - INFO - Droping items with at least 1 item in any column as null
2026-01-30 13:45:48,198 - INFO - Removing duplicate rows
2026-01-30 13:45:48,199 - INFO - Adding metadata columns
2026-01-30 13:45:49,620 - INFO - Data loaded in: ./loaded_data/EEG - kaggle.parquet
2026-01-30 13:55:49,720 - INFO - Object ETL: EEG Was Been Created With Source: kaggle
2026-01-30 13:55:49,721 - INFO - Extracting Kaggle dataset: danizo/eeg-dataset-for-adhd for ETL: EEG
2026-01-30 13:55:50,316 - INFO - Using cached dataset at: /Users/lucasburati/.cache/kagglehub/datasets/danizo/eeg-dataset-for-adhd/versions/1
2026-01-30 13:55:50,317 - INFO - Available files: ['adhdata.csv']
2026-01-30 13:55:50,317 - WARNING - No file specified. Using default: adhdata.csv
2026-01-30 13:55:50,317 - INFO - Loading file: adhdata.csv
2026-01-30 13:55:50,728 - INFO - Starting data transformation to data from ETL: EEG
2026-01-30 13:55:50,728 - INFO - Droping items with at least 1 item in any column as null
2026-01-30 13:55:50,730 - INFO - Removing duplicate rows
2026-01-30 13:55:50,731 - INFO - Adding metadata columns
2026-01-30 13:55:52,230 - INFO - Data loaded in: ./loaded_data/EEG - kaggle.parquet
2026-01-30 14:01:54,474 - INFO - Object ETL: EEG Was Been Created With Source: kaggle
2026-01-30 14:01:54,475 - INFO - Extracting Kaggle dataset: danizo/eeg-dataset-for-adhd for ETL: EEG
2026-01-30 14:01:54,897 - INFO - Using cached dataset at: /Users/lucasburati/.cache/kagglehub/datasets/danizo/eeg-dataset-for-adhd/versions/1
2026-01-30 14:01:54,899 - INFO - Available files: ['adhdata.csv']
2026-01-30 14:01:54,899 - WARNING - No file specified. Using default: adhdata.csv
2026-01-30 14:01:54,899 - INFO - Loading file: adhdata.csv
2026-01-30 14:01:55,315 - INFO - Starting data transformation to data from ETL: EEG
2026-01-30 14:01:55,315 - INFO - Droping items with at least 1 item in any column as null
2026-01-30 14:01:55,318 - INFO - Removing duplicate rows
2026-01-30 14:01:55,318 - INFO - Adding metadata columns
2026-01-30 14:01:57,821 - INFO - Data loaded in: ./loaded_data/EEG - kaggle.parquet
